Arguments: 
  C:\Program Files\nodejs\node.exe C:\Users\Vika\AppData\Roaming\npm\node_modules\yarn\bin\yarn.js install

PATH: 
  C:\Windows\system32;C:\Windows;C:\Windows\System32\Wbem;C:\Windows\System32\WindowsPowerShell\v1.0\;C:\Windows\System32\OpenSSH\;C:\Program Files\nodejs\;C:\Program Files\Git\cmd;C:\Program Files\Docker\Docker\resources\bin;C:\ProgramData\DockerDesktop\version-bin;C:\Users\Vika\AppData\Local\Microsoft\WindowsApps;C:\Users\Vika\AppData\Roaming\npm;C:\Program Files\JetBrains\WebStorm 2021.3\bin;;C:\Program Files\JetBrains\DataGrip 2021.3.4\bin;;C:\Education\16_Node\node_modules\.bin

Yarn version: 
  1.22.17

Node version: 
  16.13.1

Platform: 
  win32 x64

Trace: 
  SyntaxError: C:\Education\16_Node\packeges\web\package.json: Unexpected token } in JSON at position 126
      at JSON.parse (<anonymous>)
      at C:\Users\Vika\AppData\Roaming\npm\node_modules\yarn\lib\cli.js:1625:59
      at Generator.next (<anonymous>)
      at step (C:\Users\Vika\AppData\Roaming\npm\node_modules\yarn\lib\cli.js:310:30)
      at C:\Users\Vika\AppData\Roaming\npm\node_modules\yarn\lib\cli.js:321:13

npm manifest: 
  {
    "name": "web",
    "version": "1.0.0",
    "main": "index.js",
    "license": "MIT",
    "scripts": {
        "start": "webpack",
    },
      "dependencies": {
        "@babel/core": "7.16.12",
        "@babel/plugin-proposal-class-properties": "7.16.7",
        "@babel/preset-env": "7.16.11",
        "@babel/preset-typescript": "7.16.7",
        "babel-loader": "8.2.3",
        "clean-webpack-plugin": "4.0.0",
        "copy-webpack-plugin": "10.2.1",
        "css-loader": "6.5.1",
        "html-webpack-plugin": "^5.5.0",
        "mini-css-extract-plugin": "2.5.3",
        "prettier": "2.5.1",
        "sass": "1.49.0",
        "sass-loader": "12.4.0",
        "style-loader": "3.3.1",
        "ts-jest": "^27.1.3",
        "typescript": "^4.5.5",
        "webpack": "^5.68.0",
        "webpack-cli": "^4.9.2"
      },
      "devDependencies": {
        "webpack-dev-server": "^4.7.3"
      }
  }

yarn manifest: 
  No manifest

Lockfile: 
  No lockfile
